<?xml version="1.0" encoding="UTF-8"?>
<testng-results ignored="0" total="1" passed="1" failed="0" skipped="0">
  <reporter-output>
  </reporter-output>
  <suite started-at="2019-11-12T04:03:47Z" name="Amazon" finished-at="2019-11-12T04:04:31Z" duration-ms="44489">
    <groups>
    </groups>
    <test started-at="2019-11-12T04:03:47Z" name="Amazon Test" finished-at="2019-11-12T04:04:31Z" duration-ms="44489">
      <class name="com.amazon1.testCases.TC3_SignIn">
        <test-method is-config="true" signature="setup(java.lang.String)[pri:0, instance:com.amazon1.testCases.TC3_SignIn@197d671]" started-at="2019-11-12T04:03:47Z" name="setup" finished-at="2019-11-12T04:03:58Z" duration-ms="11039" status="PASS">
          <params>
            <param index="0">
              <value>
                <![CDATA[firefox]]>
              </value>
            </param>
          </params>
          <reporter-output>
          </reporter-output>
        </test-method> <!-- setup -->
        <test-method signature="signIN()[pri:3, instance:com.amazon1.testCases.TC3_SignIn@197d671]" started-at="2019-11-12T04:03:58Z" name="signIN" finished-at="2019-11-12T04:04:31Z" duration-ms="33167" status="PASS">
          <reporter-output>
          </reporter-output>
        </test-method> <!-- signIN -->
      </class> <!-- com.amazon1.testCases.TC3_SignIn -->
    </test> <!-- Amazon Test -->
  </suite> <!-- Amazon -->
</testng-results>
